\BOOKMARK [1][-]{section.1}{Introduzione}{}% 1
\BOOKMARK [2][-]{subsection.1.1}{Scopo del documento}{section.1}% 2
\BOOKMARK [2][-]{subsection.1.2}{Scopo del prodotto}{section.1}% 3
\BOOKMARK [2][-]{subsection.1.3}{Glossario}{section.1}% 4
\BOOKMARK [2][-]{subsection.1.4}{Riferimenti}{section.1}% 5
\BOOKMARK [3][-]{subsubsection.1.4.1}{Normativi}{subsection.1.4}% 6
\BOOKMARK [3][-]{subsubsection.1.4.2}{Informativi}{subsection.1.4}% 7
\BOOKMARK [1][-]{section.2}{Strategia di verifica}{}% 8
\BOOKMARK [2][-]{subsection.2.1}{Qualit\340 di processo}{section.2}% 9
\BOOKMARK [2][-]{subsection.2.2}{Qualit\340 di prodotto}{section.2}% 10
\BOOKMARK [2][-]{subsection.2.3}{Procedure di controllo di qualit\340 di processo}{section.2}% 11
\BOOKMARK [2][-]{subsection.2.4}{Procedure di controllo di qualit\340 di prodotto}{section.2}% 12
\BOOKMARK [2][-]{subsection.2.5}{Organizzazione}{section.2}% 13
\BOOKMARK [2][-]{subsection.2.6}{Pianificazione strategica e temporale}{section.2}% 14
\BOOKMARK [2][-]{subsection.2.7}{Responsabilit\340}{section.2}% 15
\BOOKMARK [2][-]{subsection.2.8}{Risorse}{section.2}% 16
\BOOKMARK [1][-]{section.3}{Analisi}{}% 17
\BOOKMARK [2][-]{subsection.3.1}{Analisi statica}{section.3}% 18
\BOOKMARK [3][-]{subsubsection.3.1.1}{Walkthrough}{subsection.3.1}% 19
\BOOKMARK [3][-]{subsubsection.3.1.2}{Inspection}{subsection.3.1}% 20
\BOOKMARK [2][-]{subsection.3.2}{Analisi dinamica}{section.3}% 21
\BOOKMARK [1][-]{section.4}{Metrica}{}% 22
\BOOKMARK [2][-]{subsection.4.1}{Metrica documenti}{section.4}% 23
\BOOKMARK [3][-]{subsubsection.4.1.1}{Indice Gulpease}{subsection.4.1}% 24
\BOOKMARK [2][-]{subsection.4.2}{Metrica software}{section.4}% 25
\BOOKMARK [3][-]{subsubsection.4.2.1}{Complessit\340 ciclomatica}{subsection.4.2}% 26
\BOOKMARK [3][-]{subsubsection.4.2.2}{Livelli di annidamento}{subsection.4.2}% 27
\BOOKMARK [3][-]{subsubsection.4.2.3}{Attributi per classe}{subsection.4.2}% 28
\BOOKMARK [3][-]{subsubsection.4.2.4}{Parametri per metodo}{subsection.4.2}% 29
\BOOKMARK [3][-]{subsubsection.4.2.5}{Linee di codice per linee di commento}{subsection.4.2}% 30
\BOOKMARK [3][-]{subsubsection.4.2.6}{Flusso di informazioni}{subsection.4.2}% 31
\BOOKMARK [3][-]{subsubsection.4.2.7}{Accoppiamento}{subsection.4.2}% 32
\BOOKMARK [3][-]{subsubsection.4.2.8}{Instabilit\340}{subsection.4.2}% 33
\BOOKMARK [3][-]{subsubsection.4.2.9}{Copertura del codice}{subsection.4.2}% 34
\BOOKMARK [2][-]{subsection.4.3}{Metrica processo}{section.4}% 35
\BOOKMARK [3][-]{subsubsection.4.3.1}{Schedule Variance}{subsection.4.3}% 36
\BOOKMARK [3][-]{subsubsection.4.3.2}{Budget Variance}{subsection.4.3}% 37
